app/build/outputs/apk/manifest-merger-debug-report.txt
-- Merging decision tree log ---
manifest
ADDED from AndroidManifest.xml:2:1
	xmlns:android
		ADDED from AndroidManifest.xml:2:11
	package
		ADDED from AndroidManifest.xml:3:5
		INJECTED from AndroidManifest.xml:0:0
		INJECTED from AndroidManifest.xml:0:0
	android:versionName
		ADDED from AndroidManifest.xml:5:5
	android:versionCode
		ADDED from AndroidManifest.xml:4:5
		INJECTED from AndroidManifest.xml:0:0
		INJECTED from AndroidManifest.xml:0:0
uses-sdk
ADDED from AndroidManifest.xml:7:5
MERGED from com.android.support:appcompat-v7:19.1.0:18:5
	android:targetSdkVersion
		ADDED from AndroidManifest.xml:9:9
		INJECTED from AndroidManifest.xml:0:0
		INJECTED from AndroidManifest.xml:0:0
	android:minSdkVersion
		ADDED from AndroidManifest.xml:8:9
		INJECTED from AndroidManifest.xml:0:0
		INJECTED from AndroidManifest.xml:0:0
uses-permission#android.permission.WRITE_INTERNAL_STORAGE
ADDED from AndroidManifest.xml:11:5
	android:name
		ADDED from AndroidManifest.xml:11:22
uses-permission#android.permission.WRITE_EXTERNAL_STORAGE
ADDED from AndroidManifest.xml:12:5
	android:name
		ADDED from AndroidManifest.xml:12:22
application
ADDED from AndroidManifest.xml:14:5
MERGED from com.android.support:appcompat-v7:19.1.0:19:5
	android:label
		ADDED from AndroidManifest.xml:17:9
	android:allowBackup
		ADDED from AndroidManifest.xml:15:9
	android:icon
		ADDED from AndroidManifest.xml:16:9
	android:theme
		ADDED from AndroidManifest.xml:18:9
activity#com.example.dbtask.MainActivity
ADDED from AndroidManifest.xml:19:9
	android:label
		ADDED from AndroidManifest.xml:21:13
	android:name
		ADDED from AndroidManifest.xml:20:13
intent-filter#android.intent.action.MAIN+android.intent.category.LAUNCHER
ADDED from AndroidManifest.xml:22:13
action#android.intent.action.MAIN
ADDED from AndroidManifest.xml:23:17
	android:name
		ADDED from AndroidManifest.xml:23:25
category#android.intent.category.LAUNCHER
ADDED from AndroidManifest.xml:25:17
	android:name
		ADDED from AndroidManifest.xml:25:27
activity#com.example.dbtask.StudentInfoEditScreen
ADDED from AndroidManifest.xml:28:9
	android:windowSoftInputMode
		ADDED from AndroidManifest.xml:33:13
	android:screenOrientation
		ADDED from AndroidManifest.xml:31:13
	android:configChanges
		ADDED from AndroidManifest.xml:30:13
	android:theme
		ADDED from AndroidManifest.xml:32:13
	android:name
		ADDED from AndroidManifest.xml:29:13
activity#com.example.dbtask.FormOneViewScreen
ADDED from AndroidManifest.xml:34:9
	android:windowSoftInputMode
		ADDED from AndroidManifest.xml:39:13
	android:screenOrientation
		ADDED from AndroidManifest.xml:37:13
	android:configChanges
		ADDED from AndroidManifest.xml:36:13
	android:theme
		ADDED from AndroidManifest.xml:38:13
	android:name
		ADDED from AndroidManifest.xml:35:13
activity#com.example.dbtask2.FormRecordsEntryScreen
ADDED from AndroidManifest.xml:40:9
	android:windowSoftInputMode
		ADDED from AndroidManifest.xml:45:13
	android:screenOrientation
		ADDED from AndroidManifest.xml:43:13
	android:configChanges
		ADDED from AndroidManifest.xml:42:13
	android:theme
		ADDED from AndroidManifest.xml:44:13
	android:name
		ADDED from AndroidManifest.xml:41:13
activity#com.example.dbtask2.FormRecordsViewScreen
ADDED from AndroidManifest.xml:46:9
	android:windowSoftInputMode
		ADDED from AndroidManifest.xml:51:13
	android:screenOrientation
		ADDED from AndroidManifest.xml:49:13
	android:configChanges
		ADDED from AndroidManifest.xml:48:13
	android:theme
		ADDED from AndroidManifest.xml:50:13
	android:name
		ADDED from AndroidManifest.xml:47:13
activity#com.example.dbtask2.HomeScreen
ADDED from AndroidManifest.xml:52:9
	android:windowSoftInputMode
		ADDED from AndroidManifest.xml:57:13
	android:screenOrientation
		ADDED from AndroidManifest.xml:55:13
	android:configChanges
		ADDED from AndroidManifest.xml:54:13
	android:theme
		ADDED from AndroidManifest.xml:56:13
	android:name
		ADDED from AndroidManifest.xml:53:13
activity#com.example.dbtask2.ListOfFormsScreen
ADDED from AndroidManifest.xml:58:9
	android:windowSoftInputMode
		ADDED from AndroidManifest.xml:63:13
	android:screenOrientation
		ADDED from AndroidManifest.xml:61:13
	android:configChanges
		ADDED from AndroidManifest.xml:60:13
	android:theme
		ADDED from AndroidManifest.xml:62:13
	android:name
		ADDED from AndroidManifest.xml:59:13
activity#com.example.dbtask2.SuccessfullyInsertedRecordScreen
ADDED from AndroidManifest.xml:64:9
	android:windowSoftInputMode
		ADDED from AndroidManifest.xml:69:13
	android:screenOrientation
		ADDED from AndroidManifest.xml:67:13
	android:configChanges
		ADDED from AndroidManifest.xml:66:13
	android:theme
		ADDED from AndroidManifest.xml:68:13
	android:name
		ADDED from AndroidManifest.xml:65:13